{"/home/sebastian/Nauka/Zero2/CarSpecsFinder/CarSpecsFinderAI-API/src/config.ts": {"path":"/home/sebastian/Nauka/Zero2/CarSpecsFinder/CarSpecsFinderAI-API/src/config.ts","statementMap":{"0":{"start":{"line":1,"column":0},"end":{"line":1,"column":28}},"1":{"start":{"line":2,"column":0},"end":{"line":2,"column":16}}},"fnMap":{},"branchMap":{},"s":{"0":3,"1":3},"f":{},"b":{}}
,"/home/sebastian/Nauka/Zero2/CarSpecsFinder/CarSpecsFinderAI-API/src/controllers/data.ts": {"path":"/home/sebastian/Nauka/Zero2/CarSpecsFinder/CarSpecsFinderAI-API/src/controllers/data.ts","statementMap":{"0":{"start":{"line":2,"column":0},"end":{"line":2,"column":41}},"1":{"start":{"line":3,"column":0},"end":{"line":3,"column":39}},"2":{"start":{"line":4,"column":0},"end":{"line":4,"column":19}},"3":{"start":{"line":6,"column":22},"end":{"line":6,"column":57}},"4":{"start":{"line":8,"column":20},"end":{"line":27,"column":2}},"5":{"start":{"line":8,"column":57},"end":{"line":27,"column":2}},"6":{"start":{"line":9,"column":19},"end":{"line":9,"column":26}},"7":{"start":{"line":11,"column":2},"end":{"line":26,"column":3}},"8":{"start":{"line":12,"column":16},"end":{"line":14,"column":52}},"9":{"start":{"line":16,"column":4},"end":{"line":20,"column":5}},"10":{"start":{"line":17,"column":6},"end":{"line":17,"column":17}},"11":{"start":{"line":19,"column":6},"end":{"line":19,"column":40}},"12":{"start":{"line":22,"column":4},"end":{"line":24,"column":5}},"13":{"start":{"line":23,"column":6},"end":{"line":23,"column":58}},"14":{"start":{"line":25,"column":4},"end":{"line":25,"column":51}},"15":{"start":{"line":29,"column":19},"end":{"line":38,"column":1}},"16":{"start":{"line":31,"column":2},"end":{"line":35,"column":3}},"17":{"start":{"line":32,"column":4},"end":{"line":32,"column":48}},"18":{"start":{"line":34,"column":4},"end":{"line":34,"column":27}},"19":{"start":{"line":37,"column":2},"end":{"line":37,"column":28}},"20":{"start":{"line":40,"column":22},"end":{"line":62,"column":2}},"21":{"start":{"line":43,"column":4},"end":{"line":62,"column":2}},"22":{"start":{"line":44,"column":2},"end":{"line":61,"column":3}},"23":{"start":{"line":45,"column":20},"end":{"line":45,"column":42}},"24":{"start":{"line":46,"column":22},"end":{"line":46,"column":46}},"25":{"start":{"line":48,"column":4},"end":{"line":52,"column":5}},"26":{"start":{"line":49,"column":6},"end":{"line":49,"column":38}},"27":{"start":{"line":51,"column":6},"end":{"line":51,"column":50}},"28":{"start":{"line":54,"column":4},"end":{"line":60,"column":5}},"29":{"start":{"line":55,"column":6},"end":{"line":55,"column":51}},"30":{"start":{"line":56,"column":6},"end":{"line":56,"column":45}},"31":{"start":{"line":58,"column":6},"end":{"line":58,"column":43}},"32":{"start":{"line":59,"column":6},"end":{"line":59,"column":45}},"33":{"start":{"line":64,"column":0},"end":{"line":64,"column":29}}},"fnMap":{"0":{"name":"(anonymous_7)","decl":{"start":{"line":8,"column":20},"end":{"line":8,"column":27}},"loc":{"start":{"line":8,"column":57},"end":{"line":27,"column":2}}},"1":{"name":"(anonymous_8)","decl":{"start":{"line":8,"column":57},"end":{"line":8,"column":null}},"loc":{"start":{"line":8,"column":57},"end":{"line":27,"column":1}}},"2":{"name":"(anonymous_9)","decl":{"start":{"line":29,"column":19},"end":{"line":29,"column":20}},"loc":{"start":{"line":29,"column":47},"end":{"line":38,"column":1}}},"3":{"name":"(anonymous_10)","decl":{"start":{"line":40,"column":22},"end":{"line":40,"column":null}},"loc":{"start":{"line":43,"column":4},"end":{"line":62,"column":2}}},"4":{"name":"(anonymous_11)","decl":{"start":{"line":43,"column":4},"end":{"line":43,"column":null}},"loc":{"start":{"line":43,"column":4},"end":{"line":62,"column":1}}}},"branchMap":{"0":{"loc":{"start":{"line":16,"column":4},"end":{"line":20,"column":5}},"type":"if","locations":[{"start":{"line":16,"column":4},"end":{"line":20,"column":5}},{"start":{"line":18,"column":11},"end":{"line":20,"column":5}}]},"1":{"loc":{"start":{"line":22,"column":4},"end":{"line":24,"column":5}},"type":"if","locations":[{"start":{"line":22,"column":4},"end":{"line":24,"column":5}}]},"2":{"loc":{"start":{"line":31,"column":2},"end":{"line":35,"column":3}},"type":"if","locations":[{"start":{"line":31,"column":2},"end":{"line":35,"column":3}},{"start":{"line":33,"column":9},"end":{"line":35,"column":3}}]},"3":{"loc":{"start":{"line":37,"column":9},"end":{"line":37,"column":27}},"type":"binary-expr","locations":[{"start":{"line":37,"column":9},"end":{"line":37,"column":19}},{"start":{"line":37,"column":23},"end":{"line":37,"column":27}}]},"4":{"loc":{"start":{"line":48,"column":4},"end":{"line":52,"column":5}},"type":"if","locations":[{"start":{"line":48,"column":4},"end":{"line":52,"column":5}},{"start":{"line":50,"column":11},"end":{"line":52,"column":5}}]},"5":{"loc":{"start":{"line":54,"column":4},"end":{"line":60,"column":5}},"type":"if","locations":[{"start":{"line":54,"column":4},"end":{"line":60,"column":5}},{"start":{"line":57,"column":11},"end":{"line":60,"column":5}}]}},"s":{"0":1,"1":1,"2":1,"3":1,"4":1,"5":4,"6":4,"7":4,"8":4,"9":4,"10":3,"11":1,"12":1,"13":1,"14":1,"15":1,"16":3,"17":1,"18":2,"19":3,"20":1,"21":4,"22":4,"23":4,"24":3,"25":3,"26":2,"27":1,"28":1,"29":1,"30":1,"31":0,"32":0,"33":1},"f":{"0":4,"1":4,"2":3,"3":4,"4":4},"b":{"0":[3,1],"1":[1],"2":[1,2],"3":[3,1],"4":[2,1],"5":[1,0]}}
,"/home/sebastian/Nauka/Zero2/CarSpecsFinder/CarSpecsFinderAI-API/src/controllers/image.ts": {"path":"/home/sebastian/Nauka/Zero2/CarSpecsFinder/CarSpecsFinderAI-API/src/controllers/image.ts","statementMap":{"0":{"start":{"line":2,"column":0},"end":{"line":2,"column":48}},"1":{"start":{"line":3,"column":0},"end":{"line":3,"column":19}},"2":{"start":{"line":5,"column":22},"end":{"line":5,"column":57}},"3":{"start":{"line":7,"column":23},"end":{"line":34,"column":2}},"4":{"start":{"line":7,"column":78},"end":{"line":34,"column":2}},"5":{"start":{"line":8,"column":2},"end":{"line":33,"column":3}},"6":{"start":{"line":9,"column":4},"end":{"line":23,"column":6}},"7":{"start":{"line":21,"column":8},"end":{"line":21,"column":66}},"8":{"start":{"line":30,"column":4},"end":{"line":30,"column":49}},"9":{"start":{"line":31,"column":4},"end":{"line":31,"column":48}},"10":{"start":{"line":32,"column":4},"end":{"line":32,"column":16}},"11":{"start":{"line":36,"column":0},"end":{"line":36,"column":30}}},"fnMap":{"0":{"name":"(anonymous_7)","decl":{"start":{"line":7,"column":23},"end":{"line":7,"column":30}},"loc":{"start":{"line":7,"column":78},"end":{"line":34,"column":2}}},"1":{"name":"(anonymous_8)","decl":{"start":{"line":7,"column":78},"end":{"line":7,"column":null}},"loc":{"start":{"line":7,"column":78},"end":{"line":34,"column":1}}},"2":{"name":"(anonymous_9)","decl":{"start":{"line":20,"column":6},"end":{"line":20,"column":7}},"loc":{"start":{"line":20,"column":33},"end":{"line":22,"column":7}}}},"branchMap":{},"s":{"0":1,"1":1,"2":1,"3":1,"4":1,"5":1,"6":1,"7":1,"8":0,"9":0,"10":0,"11":1},"f":{"0":1,"1":1,"2":1},"b":{}}
,"/home/sebastian/Nauka/Zero2/CarSpecsFinder/CarSpecsFinderAI-API/src/controllers/specs.ts": {"path":"/home/sebastian/Nauka/Zero2/CarSpecsFinder/CarSpecsFinderAI-API/src/controllers/specs.ts","statementMap":{"0":{"start":{"line":2,"column":0},"end":{"line":2,"column":28}},"1":{"start":{"line":3,"column":0},"end":{"line":3,"column":19}},"2":{"start":{"line":5,"column":23},"end":{"line":5,"column":59}},"3":{"start":{"line":6,"column":21},"end":{"line":6,"column":55}},"4":{"start":{"line":8,"column":29},"end":{"line":81,"column":2}},"5":{"start":{"line":83,"column":20},"end":{"line":94,"column":1}},"6":{"start":{"line":84,"column":16},"end":{"line":84,"column":42}},"7":{"start":{"line":85,"column":16},"end":{"line":85,"column":36}},"8":{"start":{"line":87,"column":2},"end":{"line":93,"column":3}},"9":{"start":{"line":88,"column":4},"end":{"line":90,"column":6}},"10":{"start":{"line":89,"column":6},"end":{"line":89,"column":33}},"11":{"start":{"line":92,"column":4},"end":{"line":92,"column":14}},"12":{"start":{"line":96,"column":19},"end":{"line":129,"column":2}},"13":{"start":{"line":99,"column":21},"end":{"line":129,"column":2}},"14":{"start":{"line":100,"column":2},"end":{"line":128,"column":3}},"15":{"start":{"line":101,"column":19},"end":{"line":101,"column":57}},"16":{"start":{"line":102,"column":23},"end":{"line":111,"column":6}},"17":{"start":{"line":113,"column":18},"end":{"line":113,"column":71}},"18":{"start":{"line":114,"column":4},"end":{"line":114,"column":46}},"19":{"start":{"line":115,"column":4},"end":{"line":115,"column":47}},"20":{"start":{"line":117,"column":4},"end":{"line":119,"column":5}},"21":{"start":{"line":118,"column":6},"end":{"line":118,"column":37}},"22":{"start":{"line":121,"column":4},"end":{"line":121,"column":44}},"23":{"start":{"line":122,"column":4},"end":{"line":122,"column":53}},"24":{"start":{"line":124,"column":4},"end":{"line":124,"column":19}},"25":{"start":{"line":126,"column":4},"end":{"line":126,"column":43}},"26":{"start":{"line":127,"column":4},"end":{"line":127,"column":12}},"27":{"start":{"line":131,"column":24},"end":{"line":153,"column":2}},"28":{"start":{"line":131,"column":62},"end":{"line":153,"column":2}},"29":{"start":{"line":132,"column":25},"end":{"line":132,"column":33}},"30":{"start":{"line":134,"column":2},"end":{"line":139,"column":3}},"31":{"start":{"line":135,"column":4},"end":{"line":138,"column":7}},"32":{"start":{"line":142,"column":2},"end":{"line":148,"column":3}},"33":{"start":{"line":143,"column":4},"end":{"line":143,"column":42}},"34":{"start":{"line":144,"column":4},"end":{"line":144,"column":40}},"35":{"start":{"line":146,"column":4},"end":{"line":146,"column":43}},"36":{"start":{"line":147,"column":4},"end":{"line":147,"column":24}},"37":{"start":{"line":150,"column":2},"end":{"line":150,"column":22}},"38":{"start":{"line":152,"column":2},"end":{"line":152,"column":19}},"39":{"start":{"line":155,"column":0},"end":{"line":155,"column":31}}},"fnMap":{"0":{"name":"(anonymous_8)","decl":{"start":{"line":83,"column":20},"end":{"line":83,"column":21}},"loc":{"start":{"line":83,"column":40},"end":{"line":94,"column":1}}},"1":{"name":"(anonymous_9)","decl":{"start":{"line":88,"column":42},"end":{"line":88,"column":43}},"loc":{"start":{"line":89,"column":6},"end":{"line":89,"column":33}}},"2":{"name":"(anonymous_10)","decl":{"start":{"line":96,"column":19},"end":{"line":96,"column":null}},"loc":{"start":{"line":99,"column":21},"end":{"line":129,"column":2}}},"3":{"name":"(anonymous_11)","decl":{"start":{"line":99,"column":21},"end":{"line":99,"column":null}},"loc":{"start":{"line":98,"column":17},"end":{"line":129,"column":1}}},"4":{"name":"(anonymous_12)","decl":{"start":{"line":131,"column":24},"end":{"line":131,"column":31}},"loc":{"start":{"line":131,"column":62},"end":{"line":153,"column":2}}},"5":{"name":"(anonymous_13)","decl":{"start":{"line":131,"column":62},"end":{"line":131,"column":null}},"loc":{"start":{"line":131,"column":62},"end":{"line":153,"column":1}}}},"branchMap":{"0":{"loc":{"start":{"line":87,"column":2},"end":{"line":93,"column":3}},"type":"if","locations":[{"start":{"line":87,"column":2},"end":{"line":93,"column":3}},{"start":{"line":91,"column":9},"end":{"line":93,"column":3}}]},"1":{"loc":{"start":{"line":98,"column":2},"end":{"line":98,"column":17}},"type":"default-arg","locations":[{"start":{"line":98,"column":16},"end":{"line":98,"column":17}}]},"2":{"loc":{"start":{"line":113,"column":18},"end":{"line":113,"column":71}},"type":"cond-expr","locations":[{"start":{"line":113,"column":65},"end":{"line":113,"column":69}},{"start":{"line":113,"column":69},"end":{"line":113,"column":71}}]},"3":{"loc":{"start":{"line":113,"column":18},"end":{"line":113,"column":69}},"type":"binary-expr","locations":[{"start":{"line":113,"column":18},"end":{"line":113,"column":69}},{"start":{"line":113,"column":65},"end":{"line":113,"column":69}}]},"4":{"loc":{"start":{"line":113,"column":18},"end":{"line":113,"column":65}},"type":"cond-expr","locations":[{"start":{"line":113,"column":57},"end":{"line":113,"column":59}},{"start":{"line":113,"column":57},"end":{"line":113,"column":65}}]},"5":{"loc":{"start":{"line":113,"column":18},"end":{"line":113,"column":59}},"type":"binary-expr","locations":[{"start":{"line":113,"column":18},"end":{"line":113,"column":59}},{"start":{"line":113,"column":57},"end":{"line":113,"column":59}}]},"6":{"loc":{"start":{"line":113,"column":18},"end":{"line":113,"column":57}},"type":"cond-expr","locations":[{"start":{"line":113,"column":48},"end":{"line":113,"column":50}},{"start":{"line":113,"column":48},"end":{"line":113,"column":57}}]},"7":{"loc":{"start":{"line":113,"column":18},"end":{"line":113,"column":50}},"type":"binary-expr","locations":[{"start":{"line":113,"column":18},"end":{"line":113,"column":50}},{"start":{"line":113,"column":48},"end":{"line":113,"column":50}}]},"8":{"loc":{"start":{"line":113,"column":18},"end":{"line":113,"column":48}},"type":"cond-expr","locations":[{"start":{"line":113,"column":39},"end":{"line":113,"column":41}},{"start":{"line":113,"column":39},"end":{"line":113,"column":48}}]},"9":{"loc":{"start":{"line":113,"column":18},"end":{"line":113,"column":41}},"type":"binary-expr","locations":[{"start":{"line":113,"column":18},"end":{"line":113,"column":41}},{"start":{"line":113,"column":39},"end":{"line":113,"column":41}}]},"10":{"loc":{"start":{"line":117,"column":4},"end":{"line":119,"column":5}},"type":"if","locations":[{"start":{"line":117,"column":4},"end":{"line":119,"column":5}}]},"11":{"loc":{"start":{"line":117,"column":8},"end":{"line":117,"column":65}},"type":"binary-expr","locations":[{"start":{"line":117,"column":8},"end":{"line":117,"column":15}},{"start":{"line":117,"column":19},"end":{"line":117,"column":40}},{"start":{"line":117,"column":44},"end":{"line":117,"column":65}}]},"12":{"loc":{"start":{"line":134,"column":2},"end":{"line":139,"column":3}},"type":"if","locations":[{"start":{"line":134,"column":2},"end":{"line":139,"column":3}}]}},"s":{"0":1,"1":1,"2":1,"3":1,"4":1,"5":1,"6":1,"7":1,"8":1,"9":1,"10":34,"11":0,"12":1,"13":1,"14":1,"15":1,"16":1,"17":1,"18":1,"19":1,"20":1,"21":1,"22":1,"23":1,"24":1,"25":0,"26":0,"27":1,"28":2,"29":2,"30":2,"31":1,"32":1,"33":1,"34":1,"35":0,"36":0,"37":1,"38":1,"39":1},"f":{"0":1,"1":34,"2":1,"3":1,"4":2,"5":2},"b":{"0":[1,0],"1":[1],"2":[1,0],"3":[1,1],"4":[0,1],"5":[1,1],"6":[0,1],"7":[1,1],"8":[0,1],"9":[1,1],"10":[1],"11":[1,1,1],"12":[1]}}
,"/home/sebastian/Nauka/Zero2/CarSpecsFinder/CarSpecsFinderAI-API/src/utils/connect.ts": {"path":"/home/sebastian/Nauka/Zero2/CarSpecsFinder/CarSpecsFinderAI-API/src/utils/connect.ts","statementMap":{"0":{"start":{"line":1,"column":0},"end":{"line":1,"column":42}},"1":{"start":{"line":2,"column":0},"end":{"line":2,"column":27}},"2":{"start":{"line":6,"column":18},"end":{"line":18,"column":1}},"3":{"start":{"line":7,"column":16},"end":{"line":7,"column":47}},"4":{"start":{"line":9,"column":2},"end":{"line":17,"column":7}},"5":{"start":{"line":11,"column":6},"end":{"line":11,"column":52}},"6":{"start":{"line":12,"column":6},"end":{"line":12,"column":37}},"7":{"start":{"line":15,"column":6},"end":{"line":15,"column":48}},"8":{"start":{"line":16,"column":6},"end":{"line":16,"column":22}},"9":{"start":{"line":22,"column":9},"end":{"line":22,"column":18}},"10":{"start":{"line":20,"column":14},"end":{"line":20,"column":32}},"11":{"start":{"line":20,"column":20},"end":{"line":20,"column":32}},"12":{"start":{"line":22,"column":20},"end":{"line":22,"column":25}}},"fnMap":{"0":{"name":"(anonymous_1)","decl":{"start":{"line":6,"column":18},"end":{"line":6,"column":21}},"loc":{"start":{"line":6,"column":23},"end":{"line":18,"column":1}}},"1":{"name":"(anonymous_2)","decl":{"start":{"line":10,"column":10},"end":{"line":10,"column":11}},"loc":{"start":{"line":10,"column":21},"end":{"line":13,"column":5}}},"2":{"name":"(anonymous_3)","decl":{"start":{"line":14,"column":11},"end":{"line":14,"column":12}},"loc":{"start":{"line":14,"column":19},"end":{"line":17,"column":5}}},"3":{"name":"(anonymous_4)","decl":{"start":{"line":20,"column":14},"end":{"line":20,"column":17}},"loc":{"start":{"line":20,"column":20},"end":{"line":20,"column":32}}}},"branchMap":{},"s":{"0":2,"1":2,"2":2,"3":2,"4":2,"5":1,"6":1,"7":1,"8":1,"9":2,"10":2,"11":1,"12":2},"f":{"0":2,"1":1,"2":1,"3":1},"b":{}}
,"/home/sebastian/Nauka/Zero2/CarSpecsFinder/CarSpecsFinderAI-API/src/utils/logger.ts": {"path":"/home/sebastian/Nauka/Zero2/CarSpecsFinder/CarSpecsFinderAI-API/src/utils/logger.ts","statementMap":{"0":{"start":{"line":1,"column":0},"end":{"line":1,"column":26}},"1":{"start":{"line":2,"column":0},"end":{"line":2,"column":26}},"2":{"start":{"line":4,"column":12},"end":{"line":13,"column":2}},"3":{"start":{"line":11,"column":21},"end":{"line":11,"column":52}},"4":{"start":{"line":15,"column":0},"end":{"line":15,"column":25}},"5":{"start":{"line":17,"column":0},"end":{"line":17,"column":19}}},"fnMap":{"0":{"name":"(anonymous_1)","decl":{"start":{"line":11,"column":15},"end":{"line":11,"column":18}},"loc":{"start":{"line":11,"column":21},"end":{"line":11,"column":52}}}},"branchMap":{},"s":{"0":2,"1":2,"2":2,"3":6,"4":2,"5":2},"f":{"0":6},"b":{}}
}
