TN:
SF:src/config.ts
FNF:0
FNH:0
DA:1,3
DA:2,3
LF:2
LH:2
BRF:0
BRH:0
end_of_record
TN:
SF:src/controllers/data.ts
FN:8,(anonymous_7)
FN:8,(anonymous_8)
FN:29,(anonymous_9)
FN:40,(anonymous_10)
FN:43,(anonymous_11)
FNF:5
FNH:5
FNDA:4,(anonymous_7)
FNDA:4,(anonymous_8)
FNDA:3,(anonymous_9)
FNDA:4,(anonymous_10)
FNDA:4,(anonymous_11)
DA:2,1
DA:3,1
DA:4,1
DA:6,1
DA:8,4
DA:9,4
DA:11,4
DA:12,4
DA:16,4
DA:17,3
DA:19,1
DA:22,1
DA:23,1
DA:25,1
DA:29,1
DA:31,3
DA:32,1
DA:34,2
DA:37,3
DA:40,1
DA:43,4
DA:44,4
DA:45,4
DA:46,3
DA:48,3
DA:49,2
DA:51,1
DA:54,1
DA:55,1
DA:56,1
DA:58,0
DA:59,0
DA:64,1
LF:33
LH:31
BRDA:16,0,0,3
BRDA:16,0,1,1
BRDA:22,1,0,1
BRDA:31,2,0,1
BRDA:31,2,1,2
BRDA:37,3,0,3
BRDA:37,3,1,1
BRDA:48,4,0,2
BRDA:48,4,1,1
BRDA:54,5,0,1
BRDA:54,5,1,0
BRF:11
BRH:10
end_of_record
TN:
SF:src/controllers/image.ts
FN:7,(anonymous_7)
FN:7,(anonymous_8)
FN:20,(anonymous_9)
FNF:3
FNH:3
FNDA:1,(anonymous_7)
FNDA:1,(anonymous_8)
FNDA:1,(anonymous_9)
DA:2,1
DA:3,1
DA:5,1
DA:7,1
DA:8,1
DA:9,1
DA:21,1
DA:30,0
DA:31,0
DA:32,0
DA:36,1
LF:11
LH:8
BRF:0
BRH:0
end_of_record
TN:
SF:src/controllers/specs.ts
FN:83,(anonymous_8)
FN:88,(anonymous_9)
FN:96,(anonymous_10)
FN:99,(anonymous_11)
FN:131,(anonymous_12)
FN:131,(anonymous_13)
FNF:6
FNH:6
FNDA:1,(anonymous_8)
FNDA:34,(anonymous_9)
FNDA:1,(anonymous_10)
FNDA:1,(anonymous_11)
FNDA:2,(anonymous_12)
FNDA:2,(anonymous_13)
DA:2,1
DA:3,1
DA:5,1
DA:6,1
DA:8,1
DA:83,1
DA:84,1
DA:85,1
DA:87,1
DA:88,1
DA:89,34
DA:92,0
DA:96,1
DA:99,1
DA:100,1
DA:101,1
DA:102,1
DA:113,1
DA:114,1
DA:115,1
DA:117,1
DA:118,1
DA:121,1
DA:122,1
DA:124,1
DA:126,0
DA:127,0
DA:131,2
DA:132,2
DA:134,2
DA:135,1
DA:142,1
DA:143,1
DA:144,1
DA:146,0
DA:147,0
DA:150,1
DA:152,1
DA:155,1
LF:39
LH:34
BRDA:87,0,0,1
BRDA:87,0,1,0
BRDA:98,1,0,1
BRDA:113,2,0,1
BRDA:113,2,1,0
BRDA:113,3,0,1
BRDA:113,3,1,1
BRDA:113,4,0,0
BRDA:113,4,1,1
BRDA:113,5,0,1
BRDA:113,5,1,1
BRDA:113,6,0,0
BRDA:113,6,1,1
BRDA:113,7,0,1
BRDA:113,7,1,1
BRDA:113,8,0,0
BRDA:113,8,1,1
BRDA:113,9,0,1
BRDA:113,9,1,1
BRDA:117,10,0,1
BRDA:117,11,0,1
BRDA:117,11,1,1
BRDA:117,11,2,1
BRDA:134,12,0,1
BRF:24
BRH:19
end_of_record
TN:
SF:src/utils/connect.ts
FN:6,(anonymous_1)
FN:10,(anonymous_2)
FN:14,(anonymous_3)
FN:20,(anonymous_4)
FNF:4
FNH:4
FNDA:2,(anonymous_1)
FNDA:1,(anonymous_2)
FNDA:1,(anonymous_3)
FNDA:1,(anonymous_4)
DA:1,2
DA:2,2
DA:6,2
DA:7,2
DA:9,2
DA:11,1
DA:12,1
DA:15,1
DA:16,1
DA:20,2
DA:22,2
LF:11
LH:11
BRF:0
BRH:0
end_of_record
TN:
SF:src/utils/logger.ts
FN:11,(anonymous_1)
FNF:1
FNH:1
FNDA:6,(anonymous_1)
DA:1,2
DA:2,2
DA:4,2
DA:11,6
DA:15,2
DA:17,2
LF:6
LH:6
BRF:0
BRH:0
end_of_record
